<?xml version="1.0" encoding="UTF-8"?>
<!-- Generated by org.testng.reporters.JUnitReportReporter -->
<testsuite hostname="DESKTOP-12QFEO0" name="SeleniumTest.gmail.tests.GMailTest" tests="1" failures="0" timestamp="6 Jun 2018 20:56:53 GMT" time="10.487" errors="0">
  <testcase name="gmailTest" time="10.487" classname="SeleniumTest.gmail.tests.GMailTest"/>
</testsuite> <!-- SeleniumTest.gmail.tests.GMailTest -->
