<?xml version="1.0" encoding="UTF-8"?>
<!-- Generated by org.testng.reporters.JUnitReportReporter -->
<testsuite hostname="DESKTOP-12QFEO0" name="SeleniumTest.SeleniumTest.ebay.tests.NewTest" tests="1" failures="0" timestamp="6 Jun 2018 19:47:30 GMT" time="9.563" errors="0">
  <testcase name="f" time="9.563" classname="SeleniumTest.SeleniumTest.ebay.tests.NewTest"/>
</testsuite> <!-- SeleniumTest.SeleniumTest.ebay.tests.NewTest -->
