<?xml version="1.0" encoding="UTF-8"?>
<!-- Generated by org.testng.reporters.JUnitReportReporter -->
<testsuite hostname="DESKTOP-12QFEO0" name="SeleniumTest.ebay.tests.EBayTest" tests="1" failures="0" timestamp="7 Jun 2018 18:02:18 GMT" time="15.716" errors="0">
  <testcase name="ebayTest" time="15.716" classname="SeleniumTest.ebay.tests.EBayTest"/>
</testsuite> <!-- SeleniumTest.ebay.tests.EBayTest -->
