<?xml version="1.0" encoding="UTF-8"?>
<!-- Generated by org.testng.reporters.JUnitReportReporter -->
<testsuite hostname="DESKTOP-12QFEO0" name="SeleniumTest.gmail.tests.GMailTest" tests="1" failures="0" timestamp="7 Jun 2018 18:02:18 GMT" time="12.335" errors="0">
  <testcase name="gmailTest" time="12.335" classname="SeleniumTest.gmail.tests.GMailTest"/>
</testsuite> <!-- SeleniumTest.gmail.tests.GMailTest -->
