<?xml version="1.0" encoding="UTF-8"?>
<!-- Generated by org.testng.reporters.JUnitReportReporter -->
<testsuite hostname="DESKTOP-12QFEO0" name="SeleniumTest.SeleniumTest.NewTest" tests="1" failures="0" timestamp="6 Jun 2018 19:15:50 GMT" time="6.815" errors="0">
  <testcase name="f" time="6.815" classname="SeleniumTest.SeleniumTest.NewTest"/>
</testsuite> <!-- SeleniumTest.SeleniumTest.NewTest -->
