<?xml version="1.0" encoding="UTF-8"?>
<!-- Generated by org.testng.reporters.JUnitReportReporter -->
<testsuite hostname="DESKTOP-12QFEO0" name="SeleniumTest.gmail.tests.FailedLoginTest" tests="1" failures="0" timestamp="6 Jun 2018 20:52:49 GMT" time="6.014" errors="0">
  <testcase name="gmailTest" time="6.014" classname="SeleniumTest.gmail.tests.FailedLoginTest"/>
</testsuite> <!-- SeleniumTest.gmail.tests.FailedLoginTest -->
